<?xml version="1.0" encoding="UTF-8"?>
<!-- Generated by org.testng.reporters.JUnitReportReporter -->
<testsuite hostname="TT0035375-7" failures="0" tests="6" name="roofstacks.homework.TestHomework" time="26.870" errors="0" timestamp="2021-06-04T22:01:01 TRT" skipped="0">
  <testcase classname="roofstacks.homework.TestHomework" name="goRoofStacksPage" time="11.401"/>
  <system-out/>
  <testcase classname="roofstacks.homework.TestHomework" name="goCareerPage" time="9.801"/>
  <system-out/>
  <testcase classname="roofstacks.homework.TestHomework" name="goProductPosition" time="4.112"/>
  <system-out/>
  <testcase classname="roofstacks.homework.TestHomework" name="goLeadProductTesterPage" time="1.009"/>
  <system-out/>
  <testcase classname="roofstacks.homework.TestHomework" name="checkLeadProductTesterPage" time="0.014"/>
  <system-out/>
  <testcase classname="roofstacks.homework.TestHomework" name="sendCV" time="0.533"/>
  <system-out/>
</testsuite> <!-- roofstacks.homework.TestHomework -->
